# JRE version: Java(TM) SE Runtime Environment (8.0_91-b14) (build 1.8.0_91-b14)
# Java VM: Java HotSpot(TM) 64-Bit Server VM (25.91-b14 mixed mode linux-amd64 compressed oops)
Heap:
 PSYoungGen      total 115200K, used 4592K [0x00000000eab00000, 0x00000000f2000000, 0x0000000100000000)
  eden space 110592K, 0% used [0x00000000eab00000,0x00000000eab00000,0x00000000f1700000)
  from space 4608K, 99% used [0x00000000f1700000,0x00000000f1b7c040,0x00000000f1b80000)
  to   space 4608K, 0% used [0x00000000f1b80000,0x00000000f1b80000,0x00000000f2000000)
 ParOldGen       total 73728K, used 34710K [0x00000000c0000000, 0x00000000c4800000, 0x00000000eab00000)
  object space 73728K, 47% used [0x00000000c0000000,0x00000000c21e5800,0x00000000c4800000)
 Metaspace       used 6335K, capacity 7192K, committed 7424K, reserved 1056768K
  class space    used 614K, capacity 656K, committed 768K, reserved 1048576K
GC Heap History (9 events):
Event: 6.336 GC heap before
{Heap before GC invocations=1 (full 0):
 PSYoungGen      total 32256K, used 27648K [0x00000000eab00000, 0x00000000ecf00000, 0x0000000100000000)
  eden space 27648K, 100% used [0x00000000eab00000,0x00000000ec600000,0x00000000ec600000)
  from space 4608K, 0% used [0x00000000eca80000,0x00000000eca80000,0x00000000ecf00000)
  to   space 4608K, 0% used [0x00000000ec600000,0x00000000ec600000,0x00000000eca80000)
 ParOldGen       total 73728K, used 0K [0x00000000c0000000, 0x00000000c4800000, 0x00000000eab00000)
  object space 73728K, 0% used [0x00000000c0000000,0x00000000c0000000,0x00000000c4800000)
 Metaspace       used 5757K, capacity 6768K, committed 7040K, reserved 1056768K
  class space    used 593K, capacity 616K, committed 640K, reserved 1048576K
Event: 6.476 GC heap after
Heap after GC invocations=1 (full 0):
 PSYoungGen      total 32256K, used 4599K [0x00000000eab00000, 0x00000000eea00000, 0x0000000100000000)
  eden space 27648K, 0% used [0x00000000eab00000,0x00000000eab00000,0x00000000ec600000)
  from space 4608K, 99% used [0x00000000ec600000,0x00000000eca7de88,0x00000000eca80000)
  to   space 4608K, 0% used [0x00000000ee580000,0x00000000ee580000,0x00000000eea00000)
 ParOldGen       total 73728K, used 794K [0x00000000c0000000, 0x00000000c4800000, 0x00000000eab00000)
  object space 73728K, 1% used [0x00000000c0000000,0x00000000c00c6a08,0x00000000c4800000)
 Metaspace       used 5757K, capacity 6768K, committed 7040K, reserved 1056768K
  class space    used 593K, capacity 616K, committed 640K, reserved 1048576K
}
Event: 8.683 GC heap before
{Heap before GC invocations=2 (full 0):
 PSYoungGen      total 32256K, used 32247K [0x00000000eab00000, 0x00000000eea00000, 0x0000000100000000)
  eden space 27648K, 100% used [0x00000000eab00000,0x00000000ec600000,0x00000000ec600000)
  from space 4608K, 99% used [0x00000000ec600000,0x00000000eca7de88,0x00000000eca80000)
  to   space 4608K, 0% used [0x00000000ee580000,0x00000000ee580000,0x00000000eea00000)
 ParOldGen       total 73728K, used 794K [0x00000000c0000000, 0x00000000c4800000, 0x00000000eab00000)
  object space 73728K, 1% used [0x00000000c0000000,0x00000000c00c6a08,0x00000000c4800000)
 Metaspace       used 5940K, capacity 6896K, committed 7040K, reserved 1056768K
  class space    used 593K, capacity 616K, committed 640K, reserved 1048576K
Event: 8.760 GC heap after
Heap after GC invocations=2 (full 0):
 PSYoungGen      total 59904K, used 4594K [0x00000000eab00000, 0x00000000eea00000, 0x0000000100000000)
  eden space 55296K, 0% used [0x00000000eab00000,0x00000000eab00000,0x00000000ee100000)
  from space 4608K, 99% used [0x00000000ee580000,0x00000000ee9fcbb8,0x00000000eea00000)
  to   space 4608K, 0% used [0x00000000ee100000,0x00000000ee100000,0x00000000ee580000)
 ParOldGen       total 73728K, used 3311K [0x00000000c0000000, 0x00000000c4800000, 0x00000000eab00000)
  object space 73728K, 4% used [0x00000000c0000000,0x00000000c033bcf0,0x00000000c4800000)
 Metaspace       used 5940K, capacity 6896K, committed 7040K, reserved 1056768K
  class space    used 593K, capacity 616K, committed 640K, reserved 1048576K
}
Event: 10.545 GC heap before
{Heap before GC invocations=3 (full 0):
 PSYoungGen      total 59904K, used 59890K [0x00000000eab00000, 0x00000000eea00000, 0x0000000100000000)
  eden space 55296K, 100% used [0x00000000eab00000,0x00000000ee100000,0x00000000ee100000)
  from space 4608K, 99% used [0x00000000ee580000,0x00000000ee9fcbb8,0x00000000eea00000)
  to   space 4608K, 0% used [0x00000000ee100000,0x00000000ee100000,0x00000000ee580000)
 ParOldGen       total 73728K, used 3311K [0x00000000c0000000, 0x00000000c4800000, 0x00000000eab00000)
  object space 73728K, 4% used [0x00000000c0000000,0x00000000c033bcf0,0x00000000c4800000)
 Metaspace       used 5979K, capacity 6960K, committed 7040K, reserved 1056768K
  class space    used 594K, capacity 616K, committed 640K, reserved 1048576K
Event: 10.728 GC heap after
Heap after GC invocations=3 (full 0):
 PSYoungGen      total 59904K, used 4580K [0x00000000eab00000, 0x00000000f2000000, 0x0000000100000000)
  eden space 55296K, 0% used [0x00000000eab00000,0x00000000eab00000,0x00000000ee100000)
  from space 4608K, 99% used [0x00000000ee100000,0x00000000ee5791b0,0x00000000ee580000)
  to   space 4608K, 0% used [0x00000000f1b80000,0x00000000f1b80000,0x00000000f2000000)
 ParOldGen       total 73728K, used 11885K [0x00000000c0000000, 0x00000000c4800000, 0x00000000eab00000)
  object space 73728K, 16% used [0x00000000c0000000,0x00000000c0b9b438,0x00000000c4800000)
 Metaspace       used 5979K, capacity 6960K, committed 7040K, reserved 1056768K
  class space    used 594K, capacity 616K, committed 640K, reserved 1048576K
}
Event: 12.994 GC heap before
{Heap before GC invocations=4 (full 0):
 PSYoungGen      total 59904K, used 59876K [0x00000000eab00000, 0x00000000f2000000, 0x0000000100000000)
  eden space 55296K, 100% used [0x00000000eab00000,0x00000000ee100000,0x00000000ee100000)
  from space 4608K, 99% used [0x00000000ee100000,0x00000000ee5791b0,0x00000000ee580000)
  to   space 4608K, 0% used [0x00000000f1b80000,0x00000000f1b80000,0x00000000f2000000)
 ParOldGen       total 73728K, used 11885K [0x00000000c0000000, 0x00000000c4800000, 0x00000000eab00000)
  object space 73728K, 16% used [0x00000000c0000000,0x00000000c0b9b438,0x00000000c4800000)
 Metaspace       used 6032K, capacity 7024K, committed 7296K, reserved 1056768K
  class space    used 594K, capacity 616K, committed 640K, reserved 1048576K
Event: 13.233 GC heap after
Heap after GC invocations=4 (full 0):
 PSYoungGen      total 115200K, used 4604K [0x00000000eab00000, 0x00000000f2000000, 0x0000000100000000)
  eden space 110592K, 0% used [0x00000000eab00000,0x00000000eab00000,0x00000000f1700000)
  from space 4608K, 99% used [0x00000000f1b80000,0x00000000f1fff070,0x00000000f2000000)
  to   space 4608K, 0% used [0x00000000f1700000,0x00000000f1700000,0x00000000f1b80000)
 ParOldGen       total 73728K, used 20081K [0x00000000c0000000, 0x00000000c4800000, 0x00000000eab00000)
  object space 73728K, 27% used [0x00000000c0000000,0x00000000c139c670,0x00000000c4800000)
 Metaspace       used 6032K, capacity 7024K, committed 7296K, reserved 1056768K
  class space    used 594K, capacity 616K, committed 640K, reserved 1048576K
}
Event: 20.934 GC heap before
{Heap before GC invocations=5 (full 0):
 PSYoungGen      total 115200K, used 115196K [0x00000000eab00000, 0x00000000f2000000, 0x0000000100000000)
  eden space 110592K, 100% used [0x00000000eab00000,0x00000000f1700000,0x00000000f1700000)
  from space 4608K, 99% used [0x00000000f1b80000,0x00000000f1fff070,0x00000000f2000000)
  to   space 4608K, 0% used [0x00000000f1700000,0x00000000f1700000,0x00000000f1b80000)
 ParOldGen       total 73728K, used 20081K [0x00000000c0000000, 0x00000000c4800000, 0x00000000eab00000)
  object space 73728K, 27% used [0x00000000c0000000,0x00000000c139c670,0x00000000c4800000)
 Metaspace       used 6335K, capacity 7192K, committed 7424K, reserved 1056768K
  class space    used 614K, capacity 656K, committed 768K, reserved 1048576K

